

Started GET "/" for 127.0.0.1 at 2014-11-21 13:28:20 +0530

ActionController::RoutingError (No route matches [GET] "/"):
  

Rendered /Users/vishnu/.rvm/gems/ruby-1.9.3-p547/gems/actionpack-3.1.3/lib/action_dispatch/middleware/templates/rescues/routing_error.erb within rescues/layout (2.9ms)


Started GET "/news" for 127.0.0.1 at 2014-11-21 13:28:33 +0530
  Processing by NewsController#index as HTML
Completed 500 Internal Server Error in 1ms

ActiveRecord::StatementInvalid (Could not find table 'news'):
  app/controllers/news_controller.rb:5:in `index'

Rendered /Users/vishnu/.rvm/gems/ruby-1.9.3-p547/gems/actionpack-3.1.3/lib/action_dispatch/middleware/templates/rescues/_trace.erb (1.2ms)
Rendered /Users/vishnu/.rvm/gems/ruby-1.9.3-p547/gems/actionpack-3.1.3/lib/action_dispatch/middleware/templates/rescues/_request_and_response.erb (0.8ms)
Rendered /Users/vishnu/.rvm/gems/ruby-1.9.3-p547/gems/actionpack-3.1.3/lib/action_dispatch/middleware/templates/rescues/diagnostics.erb within rescues/layout (4.6ms)


Started GET "/" for 127.0.0.1 at 2014-11-21 19:16:13 +0530

ActionController::RoutingError (No route matches [GET] "/"):
  

Rendered /Users/vishnu/.rvm/gems/ruby-1.9.3-p547/gems/actionpack-3.1.3/lib/action_dispatch/middleware/templates/rescues/routing_error.erb within rescues/layout (3.1ms)


Started GET "/news/" for 127.0.0.1 at 2014-11-21 19:16:20 +0530
  Processing by NewsController#index as HTML
Completed 500 Internal Server Error in 1ms

ActiveRecord::StatementInvalid (Could not find table 'news'):
  app/controllers/news_controller.rb:5:in `index'

Rendered /Users/vishnu/.rvm/gems/ruby-1.9.3-p547/gems/actionpack-3.1.3/lib/action_dispatch/middleware/templates/rescues/_trace.erb (1.6ms)
Rendered /Users/vishnu/.rvm/gems/ruby-1.9.3-p547/gems/actionpack-3.1.3/lib/action_dispatch/middleware/templates/rescues/_request_and_response.erb (0.9ms)
Rendered /Users/vishnu/.rvm/gems/ruby-1.9.3-p547/gems/actionpack-3.1.3/lib/action_dispatch/middleware/templates/rescues/diagnostics.erb within rescues/layout (5.2ms)
